16:24: 19. 735 [main] INFO  org.testng.internal.Utils - [TestNG] Time taken by org.testng.reporters.FailedReporter@51e8e6e6: 18 ms
16:24: 19. 756 [main] INFO  org.testng.internal.Utils - [TestNG] Time taken by org.testng.reporters.XMLReporter@71984c3: 13 ms
16:24: 19. 765 [main] INFO  org.testng.internal.Utils - [TestNG] Time taken by org.testng.reporters.EmailableReporter2@1de5f0ef: 8 ms
16:24: 19. 774 [main] INFO  org.testng.internal.Utils - [TestNG] Time taken by org.testng.reporters.JUnitReportReporter@51850751: 9 ms
16:24: 19. 774 [main] INFO  org.testng.internal.Utils - [TestNG] Time taken by org.testng.internal.ExitCodeListener@3ce3db41: 0 ms
16:25: 27. 761 [main] DEBUG org.testng.TestNG - suiteXmlPath: "C:\Users\91917\eclipse-workspace\OpenCartV121\Master.xml"
16:25: 28. 187 [main] INFO  org.testng.internal.Utils - [TestNG] Running:
  C:\Users\91917\eclipse-workspace\OpenCartV121\Master.xml

16:25: 34. 924 [TestNG-tests-1] INFO  testCases.TC005_AddToCartPage - ******Starting TC005_AddToCartPage******
16:28: 56. 354 [main] DEBUG org.testng.TestNG - suiteXmlPath: "C:\Users\91917\eclipse-workspace\OpenCartV121\Master.xml"
16:28: 56. 777 [main] INFO  org.testng.internal.Utils - [TestNG] Running:
  C:\Users\91917\eclipse-workspace\OpenCartV121\Master.xml

16:28: 59. 995 [TestNG-tests-1] INFO  testCases.TC005_AddToCartPage - ******Starting TC005_AddToCartPage******
16:29: 02. 535 [TestNG-tests-1] INFO  testCases.TC005_AddToCartPage - **********FinishedTC005_AddToCartPage*********
16:55: 44. 472 [main] DEBUG org.testng.TestNG - suiteXmlPath: "C:\Users\91917\eclipse-workspace\OpenCartV121\Master.xml"
16:55: 44. 913 [main] INFO  org.testng.internal.Utils - [TestNG] Running:
  C:\Users\91917\eclipse-workspace\OpenCartV121\Master.xml

16:55: 48. 146 [TestNG-tests-1] INFO  testCases.TC005_AddToCartPage - ******Starting TC005_AddToCartPage******
17:16: 34. 365 [main] DEBUG org.testng.TestNG - suiteXmlPath: "C:\Users\91917\eclipse-workspace\OpenCartV121\Master.xml"
17:16: 34. 847 [main] INFO  org.testng.internal.Utils - [TestNG] Running:
  C:\Users\91917\eclipse-workspace\OpenCartV121\Master.xml

17:16: 38. 456 [TestNG-tests-1] INFO  testCases.TC005_AddToCartPage - ******Starting TC005_AddToCartPage******
17:16: 40. 622 [TestNG-tests-1] INFO  testCases.TC005_AddToCartPage - **********FinishedTC005_AddToCartPage*********
17:17: 16. 069 [main] DEBUG org.testng.TestNG - suiteXmlPath: "C:\Users\91917\eclipse-workspace\OpenCartV121\Master.xml"
17:17: 16. 519 [main] INFO  org.testng.internal.Utils - [TestNG] Running:
  C:\Users\91917\eclipse-workspace\OpenCartV121\Master.xml

17:17: 20. 206 [TestNG-tests-1] INFO  testCases.TC005_AddToCartPage - ******Starting TC005_AddToCartPage******
17:17: 22. 558 [TestNG-tests-1] INFO  testCases.TC005_AddToCartPage - **********FinishedTC005_AddToCartPage*********
17:20: 13. 391 [main] DEBUG org.testng.TestNG - suiteXmlPath: "C:\Users\91917\eclipse-workspace\OpenCartV121\Master.xml"
17:20: 13. 852 [main] INFO  org.testng.internal.Utils - [TestNG] Running:
  C:\Users\91917\eclipse-workspace\OpenCartV121\Master.xml

17:20: 17. 543 [TestNG-tests-1] INFO  testCases.TC005_AddToCartPage - ******Starting TC005_AddToCartPage******
19:07: 38. 138 [main] DEBUG org.testng.TestNG - suiteXmlPath: "C:\Users\91917\eclipse-workspace\OpenCartV121\Master.xml"
19:07: 38. 582 [main] INFO  org.testng.internal.Utils - [TestNG] Running:
  C:\Users\91917\eclipse-workspace\OpenCartV121\Master.xml

19:09: 31. 484 [main] DEBUG org.testng.TestNG - suiteXmlPath: "C:\Users\91917\eclipse-workspace\OpenCartV121\Master.xml"
19:09: 31. 927 [main] INFO  org.testng.internal.Utils - [TestNG] Running:
  C:\Users\91917\eclipse-workspace\OpenCartV121\Master.xml

19:40: 09. 399 [main] DEBUG org.testng.TestNG - suiteXmlPath: "C:\Users\91917\eclipse-workspace\OpenCartV121\Master.xml"
19:40: 09. 845 [main] INFO  org.testng.internal.Utils - [TestNG] Running:
  C:\Users\91917\eclipse-workspace\OpenCartV121\Master.xml

19:43: 39. 278 [main] DEBUG org.testng.TestNG - suiteXmlPath: "C:\Users\91917\eclipse-workspace\OpenCartV121\Master.xml"
19:43: 39. 696 [main] INFO  org.testng.internal.Utils - [TestNG] Running:
  C:\Users\91917\eclipse-workspace\OpenCartV121\Master.xml

19:45: 17. 132 [main] DEBUG org.testng.TestNG - suiteXmlPath: "C:\Users\91917\eclipse-workspace\OpenCartV121\Master.xml"
19:45: 17. 589 [main] INFO  org.testng.internal.Utils - [TestNG] Running:
  C:\Users\91917\eclipse-workspace\OpenCartV121\Master.xml

19:46: 31. 436 [main] DEBUG org.testng.TestNG - suiteXmlPath: "C:\Users\91917\eclipse-workspace\OpenCartV121\Master.xml"
19:46: 31. 906 [main] INFO  org.testng.internal.Utils - [TestNG] Running:
  C:\Users\91917\eclipse-workspace\OpenCartV121\Master.xml

19:49: 48. 919 [main] DEBUG org.testng.TestNG - suiteXmlPath: "C:\Users\91917\eclipse-workspace\OpenCartV121\Master.xml"
19:49: 49. 426 [main] INFO  org.testng.internal.Utils - [TestNG] Running:
  C:\Users\91917\eclipse-workspace\OpenCartV121\Master.xml

