16:19: 05. 612 [TestNG-tests-1] INFO  testCases.T003_LoginDDT - Clicked on my login link
16:19: 05. 856 [TestNG-tests-1] INFO  testCases.T003_LoginDDT - filled with username
16:19: 05. 915 [TestNG-tests-1] INFO  testCases.T003_LoginDDT - filled with password
16:19: 05. 967 [TestNG-tests-1] INFO  testCases.T003_LoginDDT - cliked login button
16:19: 08. 009 [TestNG-tests-1] INFO  testCases.T003_LoginDDT - display My account header
16:19: 21. 053 [TestNG-tests-1] INFO  testCases.T003_LoginDDT - *****finished Tc_003 LoginDDT***
16:19: 21. 053 [TestNG-tests-1] INFO  testCases.T003_LoginDDT - *****starting Tc_003 LoginDDT***
16:19: 21. 053 [TestNG-tests-1] INFO  testCases.T003_LoginDDT - Clicked on my account link
16:19: 21. 147 [TestNG-tests-1] INFO  testCases.T003_LoginDDT - Clicked on my login link
16:19: 21. 409 [TestNG-tests-1] INFO  testCases.T003_LoginDDT - filled with username
16:19: 21. 458 [TestNG-tests-1] INFO  testCases.T003_LoginDDT - filled with password
16:19: 21. 493 [TestNG-tests-1] INFO  testCases.T003_LoginDDT - cliked login button
16:19: 21. 559 [TestNG-tests-1] INFO  testCases.T003_LoginDDT - display My account header
16:19: 34. 664 [TestNG-tests-1] INFO  testCases.T003_LoginDDT - *****finished Tc_003 LoginDDT***
16:19: 34. 664 [TestNG-tests-1] INFO  testCases.T003_LoginDDT - *****starting Tc_003 LoginDDT***
16:19: 34. 664 [TestNG-tests-1] INFO  testCases.T003_LoginDDT - Clicked on my account link
16:19: 34. 760 [TestNG-tests-1] INFO  testCases.T003_LoginDDT - Clicked on my login link
16:19: 35. 003 [TestNG-tests-1] INFO  testCases.T003_LoginDDT - filled with username
16:19: 35. 037 [TestNG-tests-1] INFO  testCases.T003_LoginDDT - filled with password
16:19: 35. 087 [TestNG-tests-1] INFO  testCases.T003_LoginDDT - cliked login button
16:19: 35. 136 [TestNG-tests-1] INFO  testCases.T003_LoginDDT - display My account header
16:19: 48. 176 [TestNG-tests-1] INFO  testCases.T003_LoginDDT - *****finished Tc_003 LoginDDT***
16:20: 40. 259 [main] DEBUG org.testng.TestNG - suiteXmlPath: "C:\Users\91917\eclipse-workspace\OpenCartV121\grouping.xml"
16:20: 40. 552 [main] INFO  org.testng.internal.Utils - [TestNG] Running:
  C:\Users\91917\eclipse-workspace\OpenCartV121\grouping.xml

16:20: 43. 229 [main] INFO  testCases.TC001_AccountRegistrationTest - ***Strating TC001_AccountRegistrationTest****
16:20: 43. 368 [main] INFO  testCases.TC001_AccountRegistrationTest - Clicked on my account link
16:20: 44. 075 [main] INFO  testCases.TC001_AccountRegistrationTest - Clicked on my Register link
16:20: 44. 078 [main] INFO  testCases.TC001_AccountRegistrationTest - Providing customer details
16:20: 45. 413 [main] INFO  testCases.TC001_AccountRegistrationTest - validating expected message..
16:20: 45. 448 [main] INFO  testCases.TC001_AccountRegistrationTest - ***finished TC001_AccountRegistrationTest***
16:20: 47. 533 [main] INFO  testCases.TC002_LoginTest - ****starting TC002_LoginTest****
16:20: 47. 534 [main] INFO  testCases.TC002_LoginTest - Clicked on my account link
16:20: 47. 657 [main] INFO  testCases.TC002_LoginTest - Clicked on my login link
16:20: 47. 977 [main] INFO  testCases.TC002_LoginTest - filled with username
16:20: 48. 071 [main] INFO  testCases.TC002_LoginTest - filled with password
16:20: 48. 143 [main] INFO  testCases.TC002_LoginTest - cliked login button
16:20: 48. 210 [main] INFO  testCases.TC002_LoginTest - display My account header
16:20: 49. 110 [main] INFO  testCases.TC002_LoginTest - logout from account
16:20: 49. 513 [main] INFO  testCases.TC002_LoginTest - ****finished TC002_LoginTest****
16:21: 50. 482 [main] DEBUG org.testng.TestNG - suiteXmlPath: "C:\Users\91917\eclipse-workspace\OpenCartV121\grouping.xml"
16:21: 50. 778 [main] INFO  org.testng.internal.Utils - [TestNG] Running:
  C:\Users\91917\eclipse-workspace\OpenCartV121\grouping.xml

16:21: 53. 565 [main] INFO  testCases.TC001_AccountRegistrationTest - ***Strating TC001_AccountRegistrationTest****
16:21: 53. 692 [main] INFO  testCases.TC001_AccountRegistrationTest - Clicked on my account link
16:21: 54. 153 [main] INFO  testCases.TC001_AccountRegistrationTest - Clicked on my Register link
16:21: 54. 159 [main] INFO  testCases.TC001_AccountRegistrationTest - Providing customer details
16:21: 55. 495 [main] INFO  testCases.TC001_AccountRegistrationTest - validating expected message..
16:21: 55. 533 [main] ERROR testCases.TC001_AccountRegistrationTest - Test failed
16:21: 55. 533 [main] DEBUG testCases.TC001_AccountRegistrationTest - Debug log...
16:21: 57. 879 [main] INFO  testCases.TC002_LoginTest - ****starting TC002_LoginTest****
16:21: 57. 880 [main] INFO  testCases.TC002_LoginTest - Clicked on my account link
16:21: 57. 983 [main] INFO  testCases.TC002_LoginTest - Clicked on my login link
16:21: 58. 286 [main] INFO  testCases.TC002_LoginTest - filled with username
16:21: 58. 386 [main] INFO  testCases.TC002_LoginTest - filled with password
16:21: 58. 458 [main] INFO  testCases.TC002_LoginTest - cliked login button
